Performing C SOURCE FILE Test CMAKE_HAVE_LIBC_PTHREAD failed with the following output:
Change Dir: /home/admin1/innovix2/src/curio_one/build/CMakeFiles/CMakeTmp

Run Build Command(s):/usr/bin/make cmTC_bbcbd/fast && /usr/bin/make -f CMakeFiles/cmTC_bbcbd.dir/build.make CMakeFiles/cmTC_bbcbd.dir/build
make[1]: Entering directory '/home/admin1/innovix2/src/curio_one/build/CMakeFiles/CMakeTmp'
Building C object CMakeFiles/cmTC_bbcbd.dir/src.c.o
/usr/bin/cc   -DCMAKE_HAVE_LIBC_PTHREAD   -o CMakeFiles/cmTC_bbcbd.dir/src.c.o   -c /home/admin1/innovix2/src/curio_one/build/CMakeFiles/CMakeTmp/src.c
Linking C executable cmTC_bbcbd
/usr/bin/cmake -E cmake_link_script CMakeFiles/cmTC_bbcbd.dir/link.txt --verbose=1
/usr/bin/cc  -DCMAKE_HAVE_LIBC_PTHREAD    CMakeFiles/cmTC_bbcbd.dir/src.c.o  -o cmTC_bbcbd 
/usr/bin/ld: CMakeFiles/cmTC_bbcbd.dir/src.c.o: in function `main':
src.c:(.text+0x46): undefined reference to `pthread_create'
/usr/bin/ld: src.c:(.text+0x52): undefined reference to `pthread_detach'
/usr/bin/ld: src.c:(.text+0x63): undefined reference to `pthread_join'
collect2: error: ld returned 1 exit status
make[1]: *** [CMakeFiles/cmTC_bbcbd.dir/build.make:87: cmTC_bbcbd] Error 1
make[1]: Leaving directory '/home/admin1/innovix2/src/curio_one/build/CMakeFiles/CMakeTmp'
make: *** [Makefile:121: cmTC_bbcbd/fast] Error 2


Source file was:
#include <pthread.h>

void* test_func(void* data)
{
  return data;
}

int main(void)
{
  pthread_t thread;
  pthread_create(&thread, NULL, test_func, NULL);
  pthread_detach(thread);
  pthread_join(thread, NULL);
  pthread_atfork(NULL, NULL, NULL);
  pthread_exit(NULL);

  return 0;
}

Determining if the function pthread_create exists in the pthreads failed with the following output:
Change Dir: /home/admin1/innovix2/src/curio_one/build/CMakeFiles/CMakeTmp

Run Build Command(s):/usr/bin/make cmTC_62802/fast && /usr/bin/make -f CMakeFiles/cmTC_62802.dir/build.make CMakeFiles/cmTC_62802.dir/build
make[1]: Entering directory '/home/admin1/innovix2/src/curio_one/build/CMakeFiles/CMakeTmp'
Building C object CMakeFiles/cmTC_62802.dir/CheckFunctionExists.c.o
/usr/bin/cc   -DCHECK_FUNCTION_EXISTS=pthread_create   -o CMakeFiles/cmTC_62802.dir/CheckFunctionExists.c.o   -c /usr/share/cmake-3.16/Modules/CheckFunctionExists.c
Linking C executable cmTC_62802
/usr/bin/cmake -E cmake_link_script CMakeFiles/cmTC_62802.dir/link.txt --verbose=1
/usr/bin/cc  -DCHECK_FUNCTION_EXISTS=pthread_create    CMakeFiles/cmTC_62802.dir/CheckFunctionExists.c.o  -o cmTC_62802  -lpthreads 
/usr/bin/ld: cannot find -lpthreads
collect2: error: ld returned 1 exit status
make[1]: *** [CMakeFiles/cmTC_62802.dir/build.make:87: cmTC_62802] Error 1
make[1]: Leaving directory '/home/admin1/innovix2/src/curio_one/build/CMakeFiles/CMakeTmp'
make: *** [Makefile:121: cmTC_62802/fast] Error 2



Performing C SOURCE FILE Test CMAKE_HAVE_LIBC_PTHREAD failed with the following output:
Change Dir: /home/jetson/ros2_ws/src/curio_one/build/CMakeFiles/CMakeTmp

Run Build Command(s):/usr/bin/make cmTC_99c11/fast && /usr/bin/make -f CMakeFiles/cmTC_99c11.dir/build.make CMakeFiles/cmTC_99c11.dir/build
make[1]: Entering directory '/home/jetson/ros2_ws/src/curio_one/build/CMakeFiles/CMakeTmp'
Building C object CMakeFiles/cmTC_99c11.dir/src.c.o
/usr/bin/cc   -DCMAKE_HAVE_LIBC_PTHREAD   -o CMakeFiles/cmTC_99c11.dir/src.c.o   -c /home/jetson/ros2_ws/src/curio_one/build/CMakeFiles/CMakeTmp/src.c
Linking C executable cmTC_99c11
/usr/bin/cmake -E cmake_link_script CMakeFiles/cmTC_99c11.dir/link.txt --verbose=1
/usr/bin/cc  -DCMAKE_HAVE_LIBC_PTHREAD    CMakeFiles/cmTC_99c11.dir/src.c.o  -o cmTC_99c11 
/usr/bin/ld: CMakeFiles/cmTC_99c11.dir/src.c.o: in function `main':
src.c:(.text+0x48): undefined reference to `pthread_create'
/usr/bin/ld: src.c:(.text+0x50): undefined reference to `pthread_detach'
/usr/bin/ld: src.c:(.text+0x5c): undefined reference to `pthread_join'
collect2: error: ld returned 1 exit status
make[1]: *** [CMakeFiles/cmTC_99c11.dir/build.make:87: cmTC_99c11] Error 1
make[1]: Leaving directory '/home/jetson/ros2_ws/src/curio_one/build/CMakeFiles/CMakeTmp'
make: *** [Makefile:121: cmTC_99c11/fast] Error 2


Source file was:
#include <pthread.h>

void* test_func(void* data)
{
  return data;
}

int main(void)
{
  pthread_t thread;
  pthread_create(&thread, NULL, test_func, NULL);
  pthread_detach(thread);
  pthread_join(thread, NULL);
  pthread_atfork(NULL, NULL, NULL);
  pthread_exit(NULL);

  return 0;
}

Determining if the function pthread_create exists in the pthreads failed with the following output:
Change Dir: /home/jetson/ros2_ws/src/curio_one/build/CMakeFiles/CMakeTmp

Run Build Command(s):/usr/bin/make cmTC_08b85/fast && /usr/bin/make -f CMakeFiles/cmTC_08b85.dir/build.make CMakeFiles/cmTC_08b85.dir/build
make[1]: Entering directory '/home/jetson/ros2_ws/src/curio_one/build/CMakeFiles/CMakeTmp'
Building C object CMakeFiles/cmTC_08b85.dir/CheckFunctionExists.c.o
/usr/bin/cc   -DCHECK_FUNCTION_EXISTS=pthread_create   -o CMakeFiles/cmTC_08b85.dir/CheckFunctionExists.c.o   -c /usr/share/cmake-3.16/Modules/CheckFunctionExists.c
Linking C executable cmTC_08b85
/usr/bin/cmake -E cmake_link_script CMakeFiles/cmTC_08b85.dir/link.txt --verbose=1
/usr/bin/cc  -DCHECK_FUNCTION_EXISTS=pthread_create    CMakeFiles/cmTC_08b85.dir/CheckFunctionExists.c.o  -o cmTC_08b85  -lpthreads 
/usr/bin/ld: cannot find -lpthreads
collect2: error: ld returned 1 exit status
make[1]: *** [CMakeFiles/cmTC_08b85.dir/build.make:87: cmTC_08b85] Error 1
make[1]: Leaving directory '/home/jetson/ros2_ws/src/curio_one/build/CMakeFiles/CMakeTmp'
make: *** [Makefile:121: cmTC_08b85/fast] Error 2



Performing C SOURCE FILE Test CMAKE_HAVE_LIBC_PTHREAD failed with the following output:
Change Dir: /home/jetson/ros2_ws/src/curio_one/build/CMakeFiles/CMakeTmp

Run Build Command(s):/usr/bin/make cmTC_8573a/fast && /usr/bin/make -f CMakeFiles/cmTC_8573a.dir/build.make CMakeFiles/cmTC_8573a.dir/build
make[1]: Entering directory '/home/jetson/ros2_ws/src/curio_one/build/CMakeFiles/CMakeTmp'
Building C object CMakeFiles/cmTC_8573a.dir/src.c.o
/usr/bin/cc   -DCMAKE_HAVE_LIBC_PTHREAD   -o CMakeFiles/cmTC_8573a.dir/src.c.o   -c /home/jetson/ros2_ws/src/curio_one/build/CMakeFiles/CMakeTmp/src.c
Linking C executable cmTC_8573a
/usr/bin/cmake -E cmake_link_script CMakeFiles/cmTC_8573a.dir/link.txt --verbose=1
/usr/bin/cc  -DCMAKE_HAVE_LIBC_PTHREAD    CMakeFiles/cmTC_8573a.dir/src.c.o  -o cmTC_8573a 
/usr/bin/ld: CMakeFiles/cmTC_8573a.dir/src.c.o: in function `main':
src.c:(.text+0x48): undefined reference to `pthread_create'
/usr/bin/ld: src.c:(.text+0x50): undefined reference to `pthread_detach'
/usr/bin/ld: src.c:(.text+0x5c): undefined reference to `pthread_join'
collect2: error: ld returned 1 exit status
make[1]: *** [CMakeFiles/cmTC_8573a.dir/build.make:87: cmTC_8573a] Error 1
make[1]: Leaving directory '/home/jetson/ros2_ws/src/curio_one/build/CMakeFiles/CMakeTmp'
make: *** [Makefile:121: cmTC_8573a/fast] Error 2


Source file was:
#include <pthread.h>

void* test_func(void* data)
{
  return data;
}

int main(void)
{
  pthread_t thread;
  pthread_create(&thread, NULL, test_func, NULL);
  pthread_detach(thread);
  pthread_join(thread, NULL);
  pthread_atfork(NULL, NULL, NULL);
  pthread_exit(NULL);

  return 0;
}

Determining if the function pthread_create exists in the pthreads failed with the following output:
Change Dir: /home/jetson/ros2_ws/src/curio_one/build/CMakeFiles/CMakeTmp

Run Build Command(s):/usr/bin/make cmTC_a656c/fast && /usr/bin/make -f CMakeFiles/cmTC_a656c.dir/build.make CMakeFiles/cmTC_a656c.dir/build
make[1]: Entering directory '/home/jetson/ros2_ws/src/curio_one/build/CMakeFiles/CMakeTmp'
Building C object CMakeFiles/cmTC_a656c.dir/CheckFunctionExists.c.o
/usr/bin/cc   -DCHECK_FUNCTION_EXISTS=pthread_create   -o CMakeFiles/cmTC_a656c.dir/CheckFunctionExists.c.o   -c /usr/share/cmake-3.16/Modules/CheckFunctionExists.c
Linking C executable cmTC_a656c
/usr/bin/cmake -E cmake_link_script CMakeFiles/cmTC_a656c.dir/link.txt --verbose=1
/usr/bin/cc  -DCHECK_FUNCTION_EXISTS=pthread_create    CMakeFiles/cmTC_a656c.dir/CheckFunctionExists.c.o  -o cmTC_a656c  -lpthreads 
/usr/bin/ld: cannot find -lpthreads
collect2: error: ld returned 1 exit status
make[1]: *** [CMakeFiles/cmTC_a656c.dir/build.make:87: cmTC_a656c] Error 1
make[1]: Leaving directory '/home/jetson/ros2_ws/src/curio_one/build/CMakeFiles/CMakeTmp'
make: *** [Makefile:121: cmTC_a656c/fast] Error 2



Performing C SOURCE FILE Test CMAKE_HAVE_LIBC_PTHREAD failed with the following output:
Change Dir: /home/jetson/ros2_ws/src/curio_one/build/CMakeFiles/CMakeTmp

Run Build Command(s):/usr/bin/make cmTC_11e2d/fast && /usr/bin/make -f CMakeFiles/cmTC_11e2d.dir/build.make CMakeFiles/cmTC_11e2d.dir/build
make[1]: Entering directory '/home/jetson/ros2_ws/src/curio_one/build/CMakeFiles/CMakeTmp'
Building C object CMakeFiles/cmTC_11e2d.dir/src.c.o
/usr/bin/cc   -DCMAKE_HAVE_LIBC_PTHREAD   -o CMakeFiles/cmTC_11e2d.dir/src.c.o   -c /home/jetson/ros2_ws/src/curio_one/build/CMakeFiles/CMakeTmp/src.c
Linking C executable cmTC_11e2d
/usr/bin/cmake -E cmake_link_script CMakeFiles/cmTC_11e2d.dir/link.txt --verbose=1
/usr/bin/cc  -DCMAKE_HAVE_LIBC_PTHREAD    CMakeFiles/cmTC_11e2d.dir/src.c.o  -o cmTC_11e2d 
/usr/bin/ld: CMakeFiles/cmTC_11e2d.dir/src.c.o: in function `main':
src.c:(.text+0x48): undefined reference to `pthread_create'
/usr/bin/ld: src.c:(.text+0x50): undefined reference to `pthread_detach'
/usr/bin/ld: src.c:(.text+0x5c): undefined reference to `pthread_join'
collect2: error: ld returned 1 exit status
make[1]: *** [CMakeFiles/cmTC_11e2d.dir/build.make:87: cmTC_11e2d] Error 1
make[1]: Leaving directory '/home/jetson/ros2_ws/src/curio_one/build/CMakeFiles/CMakeTmp'
make: *** [Makefile:121: cmTC_11e2d/fast] Error 2


Source file was:
#include <pthread.h>

void* test_func(void* data)
{
  return data;
}

int main(void)
{
  pthread_t thread;
  pthread_create(&thread, NULL, test_func, NULL);
  pthread_detach(thread);
  pthread_join(thread, NULL);
  pthread_atfork(NULL, NULL, NULL);
  pthread_exit(NULL);

  return 0;
}

Determining if the function pthread_create exists in the pthreads failed with the following output:
Change Dir: /home/jetson/ros2_ws/src/curio_one/build/CMakeFiles/CMakeTmp

Run Build Command(s):/usr/bin/make cmTC_071c6/fast && /usr/bin/make -f CMakeFiles/cmTC_071c6.dir/build.make CMakeFiles/cmTC_071c6.dir/build
make[1]: Entering directory '/home/jetson/ros2_ws/src/curio_one/build/CMakeFiles/CMakeTmp'
Building C object CMakeFiles/cmTC_071c6.dir/CheckFunctionExists.c.o
/usr/bin/cc   -DCHECK_FUNCTION_EXISTS=pthread_create   -o CMakeFiles/cmTC_071c6.dir/CheckFunctionExists.c.o   -c /usr/share/cmake-3.16/Modules/CheckFunctionExists.c
Linking C executable cmTC_071c6
/usr/bin/cmake -E cmake_link_script CMakeFiles/cmTC_071c6.dir/link.txt --verbose=1
/usr/bin/cc  -DCHECK_FUNCTION_EXISTS=pthread_create    CMakeFiles/cmTC_071c6.dir/CheckFunctionExists.c.o  -o cmTC_071c6  -lpthreads 
/usr/bin/ld: cannot find -lpthreads
collect2: error: ld returned 1 exit status
make[1]: *** [CMakeFiles/cmTC_071c6.dir/build.make:87: cmTC_071c6] Error 1
make[1]: Leaving directory '/home/jetson/ros2_ws/src/curio_one/build/CMakeFiles/CMakeTmp'
make: *** [Makefile:121: cmTC_071c6/fast] Error 2



